mode: atomic
github.com/example/budget/cmd/budgetd/main.go:20.13,23.19 2 0
github.com/example/budget/cmd/budgetd/main.go:23.19,24.19 1 0
github.com/example/budget/cmd/budgetd/main.go:26.5,27.19 2 0
github.com/example/budget/cmd/budgetd/main.go:27.19,28.19 1 0
github.com/example/budget/cmd/budgetd/main.go:30.5,36.30 5 0
github.com/example/budget/cmd/budgetd/main.go:36.30,38.23 2 0
github.com/example/budget/cmd/budgetd/main.go:38.23,40.10 1 0
github.com/example/budget/cmd/budgetd/main.go:41.9,41.52 1 0
github.com/example/budget/cmd/budgetd/main.go:41.52,43.10 1 0
github.com/example/budget/cmd/budgetd/main.go:44.9,44.25 1 0
github.com/example/budget/cmd/budgetd/main.go:45.11,47.6 1 0
github.com/example/budget/cmd/budgetd/main.go:49.5,50.19 2 0
github.com/example/budget/cmd/budgetd/main.go:50.19,52.6 1 0
github.com/example/budget/cmd/budgetd/main.go:54.5,60.15 4 0
github.com/example/budget/cmd/budgetd/main.go:60.15,62.49 2 0
github.com/example/budget/cmd/budgetd/main.go:62.49,64.10 1 0
github.com/example/budget/cmd/budgetd/main.go:68.5,73.15 6 0
github.com/example/budget/cmd/budgetd/main.go:73.15,73.53 2 0
github.com/example/budget/cmd/budgetd/main.go:74.5,74.12 1 0
github.com/example/budget/cmd/budgetd/main.go:75.17,76.40 1 0
github.com/example/budget/cmd/budgetd/main.go:77.40,79.22 2 0
github.com/example/budget/internal/adapter/postgres/db.go:14.70,16.19 2 0
github.com/example/budget/internal/adapter/postgres/db.go:16.19,18.6 1 0
github.com/example/budget/internal/adapter/postgres/db.go:19.5,24.19 6 0
github.com/example/budget/internal/adapter/postgres/db.go:24.19,26.6 1 0
github.com/example/budget/internal/adapter/postgres/db.go:27.5,27.30 1 0
github.com/example/budget/internal/adapter/postgres/db.go:30.48,32.2 1 0
github.com/example/budget/internal/adapter/postgres/db.go:34.24,36.2 1 0
github.com/example/budget/internal/pkg/logger/logger.go:7.43,8.22 1 0
github.com/example/budget/internal/pkg/logger/logger.go:8.22,10.6 1 0
github.com/example/budget/internal/pkg/logger/logger.go:11.5,13.23 3 0
github.com/example/budget/internal/usecase/auth/service.go:66.147,68.2 1 0
github.com/example/budget/internal/usecase/auth/service.go:72.132,74.19 2 0
github.com/example/budget/internal/usecase/auth/service.go:74.19,74.64 1 0
github.com/example/budget/internal/usecase/auth/service.go:75.5,76.19 2 0
github.com/example/budget/internal/usecase/auth/service.go:76.19,76.64 1 0
github.com/example/budget/internal/usecase/auth/service.go:77.5,78.19 2 0
github.com/example/budget/internal/usecase/auth/service.go:78.19,78.64 1 0
github.com/example/budget/internal/usecase/auth/service.go:79.5,79.96 1 0
github.com/example/budget/internal/usecase/auth/service.go:79.96,79.141 1 0
github.com/example/budget/internal/usecase/auth/service.go:80.5,80.25 1 0
github.com/example/budget/internal/usecase/auth/service.go:83.115,85.19 2 0
github.com/example/budget/internal/usecase/auth/service.go:85.19,85.59 1 0
github.com/example/budget/internal/usecase/auth/service.go:86.5,86.51 1 0
github.com/example/budget/internal/usecase/auth/service.go:86.51,86.109 1 0
github.com/example/budget/internal/usecase/auth/service.go:88.5,89.35 2 0
github.com/example/budget/internal/usecase/auth/service.go:89.35,89.52 1 0
github.com/example/budget/internal/usecase/auth/service.go:89.52,89.82 2 0
github.com/example/budget/internal/usecase/auth/service.go:90.5,90.47 1 0
github.com/example/budget/internal/usecase/auth/service.go:90.47,90.85 1 0
github.com/example/budget/internal/usecase/auth/service.go:91.5,92.19 2 0
github.com/example/budget/internal/usecase/auth/service.go:92.19,92.59 1 0
github.com/example/budget/internal/usecase/auth/service.go:93.5,93.96 1 0
github.com/example/budget/internal/usecase/auth/service.go:93.96,93.136 1 0
github.com/example/budget/internal/usecase/auth/service.go:94.5,94.35 1 0
github.com/example/budget/internal/pkg/config/config.go:18.37,19.37 1 6
github.com/example/budget/internal/pkg/config/config.go:19.37,21.6 1 0
github.com/example/budget/internal/pkg/config/config.go:22.5,22.15 1 6
github.com/example/budget/internal/pkg/config/config.go:25.29,36.71 9 1
github.com/example/budget/internal/pkg/config/config.go:36.71,38.6 1 0
github.com/example/budget/internal/pkg/config/config.go:39.5,39.73 1 1
github.com/example/budget/internal/pkg/config/config.go:39.73,41.6 1 0
github.com/example/budget/internal/pkg/config/config.go:43.5,43.20 1 1
github.com/example/budget/internal/adapter/auth/argon2_hasher.go:24.38,26.2 1 1
github.com/example/budget/internal/adapter/auth/argon2_hasher.go:28.62,30.46 2 1
github.com/example/budget/internal/adapter/auth/argon2_hasher.go:30.46,30.64 1 0
github.com/example/budget/internal/adapter/auth/argon2_hasher.go:31.5,34.100 2 1
github.com/example/budget/internal/adapter/auth/argon2_hasher.go:37.59,40.24 2 2
github.com/example/budget/internal/adapter/auth/argon2_hasher.go:40.24,40.40 1 0
github.com/example/budget/internal/adapter/auth/argon2_hasher.go:41.5,41.53 1 2
github.com/example/budget/internal/adapter/auth/argon2_hasher.go:41.53,41.69 1 0
github.com/example/budget/internal/adapter/auth/argon2_hasher.go:42.5,43.81 4 2
github.com/example/budget/internal/adapter/auth/argon2_hasher.go:43.81,43.97 1 0
github.com/example/budget/internal/adapter/auth/argon2_hasher.go:44.5,45.19 2 2
github.com/example/budget/internal/adapter/auth/argon2_hasher.go:45.19,45.35 1 0
github.com/example/budget/internal/adapter/auth/argon2_hasher.go:46.5,47.19 2 2
github.com/example/budget/internal/adapter/auth/argon2_hasher.go:47.19,47.35 1 0
github.com/example/budget/internal/adapter/auth/argon2_hasher.go:48.5,49.53 2 2
